<?xml version="1.0" encoding="UTF-8"?>
<!-- Generated by org.testng.reporters.JUnitXMLReporter -->
<testsuite hostname="ADMINRG-KK05GOQ" ignored="0" name="Test" tests="8" failures="0" timestamp="05 Sep 2021 11:20:37 GMT" time="0.119" errors="0">
  <testcase name="tc01" time="0.027" classname="com.ajsjajgad.B"/>
  <testcase name="tc0" time="0.03" classname="com.ajsjajgad.A"/>
  <testcase name="tc12" time="0.009" classname="com.ajsjajgad.B"/>
  <testcase name="tc1" time="0.003" classname="com.ajsjajgad.A"/>
  <testcase name="tc23" time="0.003" classname="com.ajsjajgad.B"/>
  <testcase name="tc2" time="0.002" classname="com.ajsjajgad.A"/>
  <testcase name="tc32" time="0.007" classname="com.ajsjajgad.B"/>
  <testcase name="tc3" time="0.002" classname="com.ajsjajgad.A"/>
</testsuite> <!-- Test -->
