<?xml version="1.0" encoding="UTF-8"?>
<testng-results skipped="0" failed="0" ignored="0" total="1" passed="1">
  <reporter-output>
  </reporter-output>
  <suite name="Default suite" duration-ms="10866" started-at="2021-09-07T08:29:43Z" finished-at="2021-09-07T08:29:54Z">
    <groups>
    </groups>
    <test name="Default test" duration-ms="10866" started-at="2021-09-07T08:29:43Z" finished-at="2021-09-07T08:29:54Z">
      <class name="org.sam.Sample1">
        <test-method status="PASS" signature="tco()[pri:0, instance:org.sam.Sample1@59f99ea]" name="tco" duration-ms="10779" started-at="2021-09-07T08:29:43Z" finished-at="2021-09-07T08:29:54Z">
          <reporter-output>
          </reporter-output>
        </test-method> <!-- tco -->
      </class> <!-- org.sam.Sample1 -->
    </test> <!-- Default test -->
  </suite> <!-- Default suite -->
</testng-results>
